<?xml version="1.0" encoding="UTF-8"?>
<!-- Generated by org.testng.reporters.JUnitReportReporter -->
<testsuite hostname="Josephs-MBP" failures="0" tests="8" name="com.testscenarios.TS_001_Blank_Invalid_Fill_TDD_Assignment" time="81.445" errors="1" timestamp="2022-01-03T17:29:27 EST" skipped="6">
  <testcase classname="com.testscenarios.TS_001_Blank_Invalid_Fill_TDD_Assignment" name="scrrenshot" time="0.008">
    <error message="no such window: target window already closed
from unknown error: web view not found
  (Session info: chrome=96.0.4664.110)
Build info: version: &#039;4.1.1&#039;, revision: &#039;e8fcc2cecf&#039;
System info: host: &#039;Josephs-MBP&#039;, ip: &#039;fe80:0:0:0:106a:1a69:27d3:cd6d%en0&#039;, os.name: &#039;Mac OS X&#039;, os.arch: &#039;x86_64&#039;, os.version: &#039;10.16&#039;, java.version: &#039;11.0.11&#039;
Driver info: org.openqa.selenium.chrome.ChromeDriver
Command: [9acfc02182f974fe89a5955cfc353fb3, screenshot {}]
Capabilities {acceptInsecureCerts: false, browserName: chrome, browserVersion: 96.0.4664.110, chrome: {chromedriverVersion: 96.0.4664.45 (76e4c1bb2ab46..., userDataDir: /var/folders/n9/7mrk55ps2qq...}, goog:chromeOptions: {debuggerAddress: localhost:62647}, javascriptEnabled: true, networkConnectionEnabled: false, pageLoadStrategy: normal, platform: MAC, platformName: MAC, proxy: Proxy(), se:cdp: ws://localhost:62647/devtoo..., se:cdpVersion: 96.0.4664.110, setWindowRect: true, strictFileInteractability: false, timeouts: {implicit: 0, pageLoad: 300000, script: 30000}, unhandledPromptBehavior: dismiss and notify, webauthn:extension:credBlob: true, webauthn:extension:largeBlob: true, webauthn:virtualAuthenticators: true}
Session ID: 9acfc02182f974fe89a5955cfc353fb3" type="org.openqa.selenium.NoSuchWindowException">
      <![CDATA[org.openqa.selenium.NoSuchWindowException: no such window: target window already closed
from unknown error: web view not found
  (Session info: chrome=96.0.4664.110)
Build info: version: '4.1.1', revision: 'e8fcc2cecf'
System info: host: 'Josephs-MBP', ip: 'fe80:0:0:0:106a:1a69:27d3:cd6d%en0', os.name: 'Mac OS X', os.arch: 'x86_64', os.version: '10.16', java.version: '11.0.11'
Driver info: org.openqa.selenium.chrome.ChromeDriver
Command: [9acfc02182f974fe89a5955cfc353fb3, screenshot {}]
Capabilities {acceptInsecureCerts: false, browserName: chrome, browserVersion: 96.0.4664.110, chrome: {chromedriverVersion: 96.0.4664.45 (76e4c1bb2ab46..., userDataDir: /var/folders/n9/7mrk55ps2qq...}, goog:chromeOptions: {debuggerAddress: localhost:62647}, javascriptEnabled: true, networkConnectionEnabled: false, pageLoadStrategy: normal, platform: MAC, platformName: MAC, proxy: Proxy(), se:cdp: ws://localhost:62647/devtoo..., se:cdpVersion: 96.0.4664.110, setWindowRect: true, strictFileInteractability: false, timeouts: {implicit: 0, pageLoad: 300000, script: 30000}, unhandledPromptBehavior: dismiss and notify, webauthn:extension:credBlob: true, webauthn:extension:largeBlob: true, webauthn:virtualAuthenticators: true}
Session ID: 9acfc02182f974fe89a5955cfc353fb3
at java.base/jdk.internal.reflect.NativeConstructorAccessorImpl.newInstance0(Native Method)
at java.base/jdk.internal.reflect.NativeConstructorAccessorImpl.newInstance(NativeConstructorAccessorImpl.java:62)
at java.base/jdk.internal.reflect.DelegatingConstructorAccessorImpl.newInstance(DelegatingConstructorAccessorImpl.java:45)
at java.base/java.lang.reflect.Constructor.newInstance(Constructor.java:490)
at org.openqa.selenium.remote.codec.w3c.W3CHttpResponseCodec.createException(W3CHttpResponseCodec.java:200)
at org.openqa.selenium.remote.codec.w3c.W3CHttpResponseCodec.decode(W3CHttpResponseCodec.java:133)
at org.openqa.selenium.remote.codec.w3c.W3CHttpResponseCodec.decode(W3CHttpResponseCodec.java:53)
at org.openqa.selenium.remote.HttpCommandExecutor.execute(HttpCommandExecutor.java:184)
at org.openqa.selenium.remote.service.DriverCommandExecutor.invokeExecute(DriverCommandExecutor.java:167)
at org.openqa.selenium.remote.service.DriverCommandExecutor.execute(DriverCommandExecutor.java:142)
at org.openqa.selenium.remote.RemoteWebDriver.execute(RemoteWebDriver.java:543)
at org.openqa.selenium.remote.RemoteWebDriver.execute(RemoteWebDriver.java:598)
at org.openqa.selenium.remote.RemoteWebDriver.execute(RemoteWebDriver.java:602)
at org.openqa.selenium.remote.RemoteWebDriver.getScreenshotAs(RemoteWebDriver.java:333)
at com.utilities.GenericWrappers.takeScreenshot(GenericWrappers.java:204)
at com.testscenarios.TS_001_Blank_Invalid_Fill_TDD_Assignment.scrrenshot(TS_001_Blank_Invalid_Fill_TDD_Assignment.java:68)
at java.base/jdk.internal.reflect.NativeMethodAccessorImpl.invoke0(Native Method)
at java.base/jdk.internal.reflect.NativeMethodAccessorImpl.invoke(NativeMethodAccessorImpl.java:62)
at java.base/jdk.internal.reflect.DelegatingMethodAccessorImpl.invoke(DelegatingMethodAccessorImpl.java:43)
at java.base/java.lang.reflect.Method.invoke(Method.java:566)
at org.testng.internal.MethodInvocationHelper.invokeMethod(MethodInvocationHelper.java:133)
at org.testng.internal.MethodInvocationHelper.invokeMethodConsideringTimeout(MethodInvocationHelper.java:62)
at org.testng.internal.ConfigInvoker.invokeConfigurationMethod(ConfigInvoker.java:385)
at org.testng.internal.ConfigInvoker.invokeConfigurations(ConfigInvoker.java:321)
at org.testng.internal.TestInvoker.runConfigMethods(TestInvoker.java:700)
at org.testng.internal.TestInvoker.runAfterGroupsConfigurations(TestInvoker.java:676)
at org.testng.internal.TestInvoker.invokeMethod(TestInvoker.java:660)
at org.testng.internal.TestInvoker.invokeTestMethod(TestInvoker.java:173)
at org.testng.internal.MethodRunner.runInSequence(MethodRunner.java:46)
at org.testng.internal.TestInvoker$MethodInvocationAgent.invoke(TestInvoker.java:824)
at org.testng.internal.TestInvoker.invokeTestMethods(TestInvoker.java:146)
at org.testng.internal.TestMethodWorker.invokeTestMethods(TestMethodWorker.java:146)
at org.testng.internal.TestMethodWorker.run(TestMethodWorker.java:128)
at java.base/java.util.concurrent.ThreadPoolExecutor.runWorker(ThreadPoolExecutor.java:1128)
at java.base/java.util.concurrent.ThreadPoolExecutor$Worker.run(ThreadPoolExecutor.java:628)
at java.base/java.lang.Thread.run(Thread.java:834)
]]>
    </error>
  </testcase> <!-- scrrenshot -->
  <system-out/>
  <testcase classname="com.testscenarios.TS_001_Blank_Invalid_Fill_TDD_Assignment" name="tc_007_Click_Continue_Button" time="0.000">
    <skipped/>
  </testcase> <!-- tc_007_Click_Continue_Button -->
  <system-out/>
  <testcase classname="com.testscenarios.TS_001_Blank_Invalid_Fill_TDD_Assignment" name="tc_005_Type_Invalid_Address_Line2_Input" time="0.000">
    <skipped/>
  </testcase> <!-- tc_005_Type_Invalid_Address_Line2_Input -->
  <system-out/>
  <testcase classname="com.testscenarios.TS_001_Blank_Invalid_Fill_TDD_Assignment" name="tc_002_Click_Institution_Radion_Button" time="0.000">
    <skipped/>
  </testcase> <!-- tc_002_Click_Institution_Radion_Button -->
  <system-out/>
  <testcase classname="com.testscenarios.TS_001_Blank_Invalid_Fill_TDD_Assignment" name="tc_004_Refresh_Page" time="0.000">
    <skipped/>
  </testcase> <!-- tc_004_Refresh_Page -->
  <system-out/>
  <testcase classname="com.testscenarios.TS_001_Blank_Invalid_Fill_TDD_Assignment" name="tc_006_Type_Invalid_ZIPPIN_Input" time="0.000">
    <skipped/>
  </testcase> <!-- tc_006_Type_Invalid_ZIPPIN_Input -->
  <system-out/>
  <testcase classname="com.testscenarios.TS_001_Blank_Invalid_Fill_TDD_Assignment" name="tc_001_launch_TDD_application" time="81.437"/>
  <system-out/>
  <testcase classname="com.testscenarios.TS_001_Blank_Invalid_Fill_TDD_Assignment" name="tc_003_Click_Institution_Continue_GetMessage_Button" time="0.000">
    <skipped/>
  </testcase> <!-- tc_003_Click_Institution_Continue_GetMessage_Button -->
  <system-out/>
</testsuite> <!-- com.testscenarios.TS_001_Blank_Invalid_Fill_TDD_Assignment -->
